[Fri Oct  7 20:04:26 2022] running mktexlsr
[Fri Oct  7 20:04:26 2022] success, output:
mktexlsr: Updating D:/Dropbox/courses/auto/texmf-local/ls-R...
mktexlsr: Updated D:/Dropbox/courses/auto/texmf-local/ls-R.
mktexlsr: Updating D:/Dropbox/courses/auto/texmf-config/ls-R...
mktexlsr: Updated D:/Dropbox/courses/auto/texmf-config/ls-R.
mktexlsr: Updating D:/Dropbox/courses/auto/texmf-var/ls-R...
mktexlsr: Updated D:/Dropbox/courses/auto/texmf-var/ls-R.
mktexlsr: Updating D:/Dropbox/courses/auto/texmf-dist/ls-R...
mktexlsr: Updated D:/Dropbox/courses/auto/texmf-dist/ls-R.
mktexlsr: Done.
--end of output of mktexlsr.

[Fri Oct  7 20:04:27 2022] running updmap-sys
[Fri Oct  7 20:04:30 2022] success, output:
updmap will read the following updmap.cfg files (in precedence order):
  d:/dropbox/courses/auto/texmf-dist/web2c/updmap.cfg
updmap may write changes to the following updmap.cfg file:
  d:/dropbox/courses/auto/texmf-config/web2c/updmap.cfg
dvips output dir: "d:/dropbox/courses/auto/texmf-var/fonts/map/dvips/updmap"
pdftex output dir: "d:/dropbox/courses/auto/texmf-var/fonts/map/pdftex/updmap"
dvipdfmx output dir: "d:/dropbox/courses/auto/texmf-var/fonts/map/dvipdfmx/updmap"

updmap is creating new map files
using the following configuration:
  LW35 font names                  : URWkb (d:/dropbox/courses/auto/texmf-dist/web2c/updmap.cfg)
  prefer outlines                  : true (d:/dropbox/courses/auto/texmf-dist/web2c/updmap.cfg)
  texhash enabled                  : true
  download standard fonts (dvips)  : true (d:/dropbox/courses/auto/texmf-dist/web2c/updmap.cfg)
  download standard fonts (pdftex) : true (d:/dropbox/courses/auto/texmf-dist/web2c/updmap.cfg)
  jaEmbed replacement string       : haranoaji (d:/dropbox/courses/auto/texmf-dist/web2c/updmap.cfg)
  jaVariant replacement string     : -04 (d:/dropbox/courses/auto/texmf-dist/web2c/updmap.cfg)
  scEmbed replacement string       : arphic (d:/dropbox/courses/auto/texmf-dist/web2c/updmap.cfg)
  tcEmbed replacement string       : arphic (d:/dropbox/courses/auto/texmf-dist/web2c/updmap.cfg)
  koEmbed replacement string       : baekmuk (d:/dropbox/courses/auto/texmf-dist/web2c/updmap.cfg)
  create a mapfile for pxdvi       : false (default)

Scanning for LW35 support files  [  3 files]
Scanning for MixedMap entries    [  7 files]
Scanning for KanjiMap entries    [  0 files]
Scanning for Map entries         [ 13 files]

Generating output for dvipdfmx...
Generating output for ps2pk...
Generating output for dvips...
Generating output for pdftex...

Files generated:
  d:/dropbox/courses/auto/texmf-var/fonts/map/dvips/updmap:
       16053 2022-10-07 20:04:29 builtin35.map
       21527 2022-10-07 20:04:29 download35.map
       87830 2022-10-07 20:04:29 psfonts_pk.map
       94215 2022-10-07 20:04:29 psfonts_t1.map
       94210 2022-10-07 20:04:29 ps2pk.map
       94215 2022-10-07 20:04:29 psfonts.map = psfonts_t1.map
  d:/dropbox/courses/auto/texmf-var/fonts/map/pdftex/updmap:
       94217 2022-10-07 20:04:29 pdftex_dl14.map
       92552 2022-10-07 20:04:29 pdftex_ndl14.map
       94217 2022-10-07 20:04:29 pdftex.map = pdftex_dl14.map
  d:/dropbox/courses/auto/texmf-var/fonts/map/dvipdfmx/updmap:
         325 2022-10-07 20:04:29 kanjix.map

Transcript written on: d:/dropbox/courses/auto/texmf-var/web2c/updmap.log
updmap: updating ls-R files.
--end of output of updmap-sys.

[Fri Oct  7 20:04:30 2022] running fmtutil-sys --byengine luahbtex --no-error-if-no-format --no-error-if-no-engine=luajithbtex,luajittex,mfluajit --status-file=C:\Users\user\AppData\Local\Temp\rHQdEMhRjR\kmS0a1tYzF
[Fri Oct  7 20:04:39 2022] success, output:
fmtutil: fmtutil is using the following fmtutil.cnf files (in precedence order):
fmtutil:   d:/dropbox/courses/auto/texmf-dist/web2c/fmtutil.cnf
fmtutil: fmtutil is using the following fmtutil.cnf file for writing changes:
fmtutil:   d:/dropbox/courses/auto/texmf-config/web2c/fmtutil.cnf
fmtutil [INFO]: writing formats under d:/dropbox/courses/auto/texmf-var/web2c
fmtutil [INFO]: --- remaking luahbtex with luahbtex
fmtutil: running `luahbtex -ini   -jobname=luahbtex -progname=luahbtex luatex.ini' ...
This is LuaHBTeX, Version 1.15.0 (TeX Live 2022)  (INITEX)
 restricted system commands enabled.
(d:/Dropbox/courses/auto/texmf-dist/tex/generic/tex-ini-files/luatex.ini (d:/Dropbox/courses/auto/texmf-dist/tex/generic/tex-ini-files/luatexconfig.tex (d:/Dropbox/courses/auto/texmf-dist/tex/generic/tex-ini-files/pdftexconfig.tex)) (d:/Dropbox/courses/auto/texmf-dist/tex/generic/config/luatexiniconfig.tex) (d:/Dropbox/courses/auto/texmf-dist/tex/generic/unicode-data/load-unicode-data.tex 
load-unicode-data.tex v1.16 (2022-09-17)
Reading Unicode data
# UnicodeData-15.0.0.txt
# Modified 2022-09-17 11:45:00 GMT [JAW]
) (d:/Dropbox/courses/auto/texmf-dist/tex/luatex/hyph-utf8/etex.src (d:/Dropbox/courses/auto/texmf-dist/tex/plain/base/plain.tex Preloading the plain format: codes, registers, parameters, fonts, more fonts, macros, math definitions, output routines, hyphenation (d:/Dropbox/courses/auto/texmf-dist/tex/generic/hyphen/hyphen.tex [skipping from \patterns to end-of-file...])) (d:/Dropbox/courses/auto/texmf-dist/tex/plain/etex/etexdefs.lib Skipping module "grouptypes"; Loading module "interactionmodes"; Skipping module "nodetypes"; Skipping module "iftypes";) (d:/Dropbox/courses/auto/texmf-var/tex/generic/config/language.def (d:/Dropbox/courses/auto/texmf-dist/tex/generic/hyphen/hyphen.tex)) Augmenting the Plain TeX definitions: \tracingall; Adding new e-TeX definitions: \eTeX, \loggingall, \tracingnone, register allocation; extended register allocation; 
Recycling: \addlanguage, \@nswer (not defined), \@sk, \b@dresponsetrue, \b@dresponsefalse, \ch@ckforyn, \mayber@cycle, \et@xabort, \et@xbuf, \et@xfmtsrc, \et@xfilehdr, \et@xinf, \et@xpatterns, \l@ngdefnfile, \n@xt, \p@rse (not defined), \pr@mpt (not defined), \pr@mptloop (not defined), \forcer@cycle, \usef@llback, \usef@llbacktrue, \usef@llbackfalse, 
Retaining: \et@xerr, \et@xinput, \et@xlibhdr, \et@xmsg, \et@xtoks, \et@xwarn, \et@xl@@d, \et@xl@ad, \et@xload, \et@xlang, \et@xhash, \eTeX, \etexhdrchk, \etexstatus, \module, \uselanguage, \r@tain, \r@cycle,))
Beginning to dump on file luahbtex.fmt
 (format=luahbtex 2022.10.7)
3382 strings using 10292 bytes
68809 memory locations dumped; current usage is 149&7701
1880 multiletter control sequences
\font\nullfont=nullfont
\font\tenrm=cmr10
\font\preloaded=cmr9
\font\preloaded=cmr8
\font\sevenrm=cmr7
\font\preloaded=cmr6
\font\fiverm=cmr5
\font\teni=cmmi10
\font\preloaded=cmmi9
\font\preloaded=cmmi8
\font\seveni=cmmi7
\font\preloaded=cmmi6
\font\fivei=cmmi5
\font\tensy=cmsy10
\font\preloaded=cmsy9
\font\preloaded=cmsy8
\font\sevensy=cmsy7
\font\preloaded=cmsy6
\font\fivesy=cmsy5
\font\tenex=cmex10
\font\preloaded=cmss10
\font\preloaded=cmssq8
\font\preloaded=cmssi10
\font\preloaded=cmssqi8
\font\tenbf=cmbx10
\font\preloaded=cmbx9
\font\preloaded=cmbx8
\font\sevenbf=cmbx7
\font\preloaded=cmbx6
\font\fivebf=cmbx5
\font\tentt=cmtt10
\font\preloaded=cmtt9
\font\preloaded=cmtt8
\font\preloaded=cmsltt10
\font\tensl=cmsl10
\font\preloaded=cmsl9
\font\preloaded=cmsl8
\font\tenit=cmti10
\font\preloaded=cmti9
\font\preloaded=cmti8
\font\preloaded=cmti7
\font\preloaded=cmu10
\font\preloaded=cmmib10
\font\preloaded=cmbsy10
\font\preloaded=cmcsc10
\font\preloaded=cmssbx10
\font\preloaded=cmdunh10
\font\preloaded=cmr7 at 14.51799pt
\font\preloaded=cmtt10 at 14.4pt
\font\preloaded=cmssbx10 at 14.4pt
\font\preloaded=manfnt
50 preloaded fonts
warning  (pdf backend): no pages of output.
Transcript written on luahbtex.log.
fmtutil [INFO]: log file copied to: d:/dropbox/courses/auto/texmf-var/web2c/luahbtex/luahbtex.log
fmtutil [INFO]: d:/dropbox/courses/auto/texmf-var/web2c/luahbtex/luahbtex.fmt installed.
fmtutil [INFO]: --- remaking lualatex with luahbtex
fmtutil: running `luahbtex -ini   -jobname=lualatex -progname=lualatex lualatex.ini' ...
This is LuaHBTeX, Version 1.15.0 (TeX Live 2022)  (INITEX)
 restricted system commands enabled.
(d:/Dropbox/courses/auto/texmf-dist/tex/generic/tex-ini-files/lualatex.ini (d:/Dropbox/courses/auto/texmf-dist/tex/generic/tex-ini-files/luatexconfig.tex (d:/Dropbox/courses/auto/texmf-dist/tex/generic/tex-ini-files/pdftexconfig.tex)) (d:/Dropbox/courses/auto/texmf-dist/tex/latex/base/latex.ltx (d:/Dropbox/courses/auto/texmf-dist/tex/latex/base/texsys.cfg)
./texsys.aux found


\@currdir set to: ./.


Assuming \openin and \input 
have the same search path.


Defining UNIX/DOS style filename parser.

catcodes, registers, parameters,
LaTeX2e <2022-06-01> patch level 5
(d:/Dropbox/courses/auto/texmf-dist/tex/latex/l3kernel/expl3.ltx (d:/Dropbox/courses/auto/texmf-dist/tex/latex/l3kernel/expl3-code.tex)) hacks, document commands, control, par, spacing, files, font encodings, lengths,
====================================

Local config file fonttext.cfg used

====================================
(d:/Dropbox/courses/auto/texmf-dist/tex/latex/base/fonttext.cfg (d:/Dropbox/courses/auto/texmf-dist/tex/latex/base/fonttext.ltx
=== Don't modify this file, use a .cfg file instead ===

(d:/Dropbox/courses/auto/texmf-dist/tex/latex/base/omlenc.def) (d:/Dropbox/courses/auto/texmf-dist/tex/latex/base/omsenc.def) (d:/Dropbox/courses/auto/texmf-dist/tex/latex/base/ot1enc.def) (d:/Dropbox/courses/auto/texmf-dist/tex/latex/base/t1enc.def) (d:/Dropbox/courses/auto/texmf-dist/tex/latex/base/ts1enc.def) (d:/Dropbox/courses/auto/texmf-dist/tex/latex/base/tuenc.def) (d:/Dropbox/courses/auto/texmf-dist/tex/latex/base/tulmr.fd) (d:/Dropbox/courses/auto/texmf-dist/tex/latex/base/tulmss.fd) (d:/Dropbox/courses/auto/texmf-dist/tex/latex/base/tulmtt.fd) (d:/Dropbox/courses/auto/texmf-dist/tex/latex/lm/ts1lmr.fd) (d:/Dropbox/courses/auto/texmf-dist/tex/latex/base/t1cmr.fd) (d:/Dropbox/courses/auto/texmf-dist/tex/latex/base/ot1cmr.fd) (d:/Dropbox/courses/auto/texmf-dist/tex/latex/base/ot1cmss.fd) (d:/Dropbox/courses/auto/texmf-dist/tex/latex/base/ot1cmtt.fd)))
====================================

Local config file fontmath.cfg used

====================================
(d:/Dropbox/courses/auto/texmf-dist/tex/latex/base/fontmath.cfg (d:/Dropbox/courses/auto/texmf-dist/tex/latex/base/fontmath.ltx
=== Don't modify this file, use a .cfg file instead ===

(d:/Dropbox/courses/auto/texmf-dist/tex/latex/base/omlcmm.fd) (d:/Dropbox/courses/auto/texmf-dist/tex/latex/base/omscmsy.fd) (d:/Dropbox/courses/auto/texmf-dist/tex/latex/base/omxcmex.fd) (d:/Dropbox/courses/auto/texmf-dist/tex/latex/base/ucmr.fd)))
====================================

Local config file preload.cfg used

=====================================
(d:/Dropbox/courses/auto/texmf-dist/tex/latex/base/preload.cfg (d:/Dropbox/courses/auto/texmf-dist/tex/latex/base/preload.ltx)) page nos., x-ref, environments, center, verbatim, math definitions, boxes, title, sectioning, contents, floats, footnotes, index, bibliography, output,  Unicode character data, (d:/Dropbox/courses/auto/texmf-dist/tex/generic/unicode-data/load-unicode-data.tex 
load-unicode-data.tex v1.16 (2022-09-17)
Reading Unicode data
# UnicodeData-15.0.0.txt
# Modified 2022-09-17 11:45:00 GMT [JAW]
)
===========================================
Local configuration file hyphen.cfg used
===========================================
(d:/Dropbox/courses/auto/texmf-dist/tex/generic/babel/hyphen.cfg (d:/Dropbox/courses/auto/texmf-dist/tex/generic/babel/luababel.def) (d:/Dropbox/courses/auto/texmf-dist/tex/generic/hyphen/hyphen.tex)) (d:/Dropbox/courses/auto/texmf-dist/tex/latex/firstaid/latex2e-first-aid-for-external-files.ltx)
))
Beginning to dump on file lualatex.fmt
 (format=lualatex 2022.10.7)
22648 strings using 374922 bytes
763303 memory locations dumped; current usage is 204&355494
21267 multiletter control sequences
\font\nullfont=nullfont
\font\OMX/cmex/m/n/10=cmex10
\font\tenln=line10
\font\tenlnw=linew10
\font\tencirc=lcircle10
\font\tencircw=lcirclew10
\font\OT1/cmr/m/n/5=cmr5
\font\OT1/cmr/m/n/7=cmr7
\font\OT1/cmr/m/n/10=cmr10
\font\OML/cmm/m/it/5=cmmi5
\font\OML/cmm/m/it/7=cmmi7
\font\OML/cmm/m/it/10=cmmi10
\font\OMS/cmsy/m/n/5=cmsy5
\font\OMS/cmsy/m/n/7=cmsy7
\font\OMS/cmsy/m/n/10=cmsy10
14 preloaded fonts
warning  (pdf backend): no pages of output.
Transcript written on lualatex.log.
fmtutil [INFO]: log file copied to: d:/dropbox/courses/auto/texmf-var/web2c/luahbtex/lualatex.log
fmtutil [INFO]: d:/dropbox/courses/auto/texmf-var/web2c/luahbtex/lualatex.fmt installed.
fmtutil [INFO]: successfully rebuilt formats: 2
fmtutil [INFO]: not selected formats: 12
fmtutil [INFO]: total formats: 14
fmtutil [INFO]: exiting with status 0
--end of output of fmtutil-sys --byengine luahbtex --no-error-if-no-format --no-error-if-no-engine=luajithbtex,luajittex,mfluajit --status-file=C:\Users\user\AppData\Local\Temp\rHQdEMhRjR\kmS0a1tYzF.

[Fri Oct  7 20:04:39 2022]   OK: luahbtex.fmt/luahbtex lualatex.fmt/luahbtex
[Fri Oct  7 20:04:39 2022] running fmtutil-sys --byengine luatex --no-error-if-no-format --no-error-if-no-engine=luajithbtex,luajittex,mfluajit --status-file=C:\Users\user\AppData\Local\Temp\rHQdEMhRjR\kmS0a1tYzF
[Fri Oct  7 20:04:46 2022] success, output:
fmtutil: fmtutil is using the following fmtutil.cnf files (in precedence order):
fmtutil:   d:/dropbox/courses/auto/texmf-dist/web2c/fmtutil.cnf
fmtutil: fmtutil is using the following fmtutil.cnf file for writing changes:
fmtutil:   d:/dropbox/courses/auto/texmf-config/web2c/fmtutil.cnf
fmtutil [INFO]: writing formats under d:/dropbox/courses/auto/texmf-var/web2c
fmtutil [INFO]: --- remaking luatex with luatex
fmtutil: running `luatex -ini   -jobname=luatex -progname=luatex luatex.ini' ...
This is LuaTeX, Version 1.15.0 (TeX Live 2022)  (INITEX)
 restricted system commands enabled.
(d:/Dropbox/courses/auto/texmf-dist/tex/generic/tex-ini-files/luatex.ini (d:/Dropbox/courses/auto/texmf-dist/tex/generic/tex-ini-files/luatexconfig.tex (d:/Dropbox/courses/auto/texmf-dist/tex/generic/tex-ini-files/pdftexconfig.tex)) (d:/Dropbox/courses/auto/texmf-dist/tex/generic/config/luatexiniconfig.tex) (d:/Dropbox/courses/auto/texmf-dist/tex/generic/unicode-data/load-unicode-data.tex 
load-unicode-data.tex v1.16 (2022-09-17)
Reading Unicode data
# UnicodeData-15.0.0.txt
# Modified 2022-09-17 11:45:00 GMT [JAW]
) (d:/Dropbox/courses/auto/texmf-dist/tex/luatex/hyph-utf8/etex.src (d:/Dropbox/courses/auto/texmf-dist/tex/plain/base/plain.tex Preloading the plain format: codes, registers, parameters, fonts, more fonts, macros, math definitions, output routines, hyphenation (d:/Dropbox/courses/auto/texmf-dist/tex/generic/hyphen/hyphen.tex [skipping from \patterns to end-of-file...])) (d:/Dropbox/courses/auto/texmf-dist/tex/plain/etex/etexdefs.lib Skipping module "grouptypes"; Loading module "interactionmodes"; Skipping module "nodetypes"; Skipping module "iftypes";) (d:/Dropbox/courses/auto/texmf-var/tex/generic/config/language.def (d:/Dropbox/courses/auto/texmf-dist/tex/generic/hyphen/hyphen.tex)) Augmenting the Plain TeX definitions: \tracingall; Adding new e-TeX definitions: \eTeX, \loggingall, \tracingnone, register allocation; extended register allocation; 
Recycling: \addlanguage, \@nswer (not defined), \@sk, \b@dresponsetrue, \b@dresponsefalse, \ch@ckforyn, \mayber@cycle, \et@xabort, \et@xbuf, \et@xfmtsrc, \et@xfilehdr, \et@xinf, \et@xpatterns, \l@ngdefnfile, \n@xt, \p@rse (not defined), \pr@mpt (not defined), \pr@mptloop (not defined), \forcer@cycle, \usef@llback, \usef@llbacktrue, \usef@llbackfalse, 
Retaining: \et@xerr, \et@xinput, \et@xlibhdr, \et@xmsg, \et@xtoks, \et@xwarn, \et@xl@@d, \et@xl@ad, \et@xload, \et@xlang, \et@xhash, \eTeX, \etexhdrchk, \etexstatus, \module, \uselanguage, \r@tain, \r@cycle,))
Beginning to dump on file luatex.fmt
 (format=luatex 2022.10.7)
3382 strings using 10288 bytes
68809 memory locations dumped; current usage is 149&7701
1880 multiletter control sequences
\font\nullfont=nullfont
\font\tenrm=cmr10
\font\preloaded=cmr9
\font\preloaded=cmr8
\font\sevenrm=cmr7
\font\preloaded=cmr6
\font\fiverm=cmr5
\font\teni=cmmi10
\font\preloaded=cmmi9
\font\preloaded=cmmi8
\font\seveni=cmmi7
\font\preloaded=cmmi6
\font\fivei=cmmi5
\font\tensy=cmsy10
\font\preloaded=cmsy9
\font\preloaded=cmsy8
\font\sevensy=cmsy7
\font\preloaded=cmsy6
\font\fivesy=cmsy5
\font\tenex=cmex10
\font\preloaded=cmss10
\font\preloaded=cmssq8
\font\preloaded=cmssi10
\font\preloaded=cmssqi8
\font\tenbf=cmbx10
\font\preloaded=cmbx9
\font\preloaded=cmbx8
\font\sevenbf=cmbx7
\font\preloaded=cmbx6
\font\fivebf=cmbx5
\font\tentt=cmtt10
\font\preloaded=cmtt9
\font\preloaded=cmtt8
\font\preloaded=cmsltt10
\font\tensl=cmsl10
\font\preloaded=cmsl9
\font\preloaded=cmsl8
\font\tenit=cmti10
\font\preloaded=cmti9
\font\preloaded=cmti8
\font\preloaded=cmti7
\font\preloaded=cmu10
\font\preloaded=cmmib10
\font\preloaded=cmbsy10
\font\preloaded=cmcsc10
\font\preloaded=cmssbx10
\font\preloaded=cmdunh10
\font\preloaded=cmr7 at 14.51799pt
\font\preloaded=cmtt10 at 14.4pt
\font\preloaded=cmssbx10 at 14.4pt
\font\preloaded=manfnt
50 preloaded fonts
warning  (pdf backend): no pages of output.
Transcript written on luatex.log.
fmtutil [INFO]: log file copied to: d:/dropbox/courses/auto/texmf-var/web2c/luatex/luatex.log
fmtutil [INFO]: d:/dropbox/courses/auto/texmf-var/web2c/luatex/luatex.fmt installed.
fmtutil [INFO]: --- remaking dvilualatex with luatex
fmtutil: running `luatex -ini   -jobname=dvilualatex -progname=dvilualatex dvilualatex.ini' ...
This is LuaTeX, Version 1.15.0 (TeX Live 2022)  (INITEX)
 restricted system commands enabled.
(d:/Dropbox/courses/auto/texmf-dist/tex/generic/tex-ini-files/dvilualatex.ini (d:/Dropbox/courses/auto/texmf-dist/tex/generic/tex-ini-files/lualatex.ini (d:/Dropbox/courses/auto/texmf-dist/tex/generic/tex-ini-files/luatexconfig.tex (d:/Dropbox/courses/auto/texmf-dist/tex/generic/tex-ini-files/pdftexconfig.tex)) (d:/Dropbox/courses/auto/texmf-dist/tex/latex/base/latex.ltx (d:/Dropbox/courses/auto/texmf-dist/tex/latex/base/texsys.cfg)
./texsys.aux found


\@currdir set to: ./.


Assuming \openin and \input 
have the same search path.


Defining UNIX/DOS style filename parser.

catcodes, registers, parameters,
LaTeX2e <2022-06-01> patch level 5
(d:/Dropbox/courses/auto/texmf-dist/tex/latex/l3kernel/expl3.ltx (d:/Dropbox/courses/auto/texmf-dist/tex/latex/l3kernel/expl3-code.tex)) hacks, document commands, control, par, spacing, files, font encodings, lengths,
====================================

Local config file fonttext.cfg used

====================================
(d:/Dropbox/courses/auto/texmf-dist/tex/latex/base/fonttext.cfg (d:/Dropbox/courses/auto/texmf-dist/tex/latex/base/fonttext.ltx
=== Don't modify this file, use a .cfg file instead ===

(d:/Dropbox/courses/auto/texmf-dist/tex/latex/base/omlenc.def) (d:/Dropbox/courses/auto/texmf-dist/tex/latex/base/omsenc.def) (d:/Dropbox/courses/auto/texmf-dist/tex/latex/base/ot1enc.def) (d:/Dropbox/courses/auto/texmf-dist/tex/latex/base/t1enc.def) (d:/Dropbox/courses/auto/texmf-dist/tex/latex/base/ts1enc.def) (d:/Dropbox/courses/auto/texmf-dist/tex/latex/base/tuenc.def) (d:/Dropbox/courses/auto/texmf-dist/tex/latex/base/tulmr.fd) (d:/Dropbox/courses/auto/texmf-dist/tex/latex/base/tulmss.fd) (d:/Dropbox/courses/auto/texmf-dist/tex/latex/base/tulmtt.fd) (d:/Dropbox/courses/auto/texmf-dist/tex/latex/lm/ts1lmr.fd) (d:/Dropbox/courses/auto/texmf-dist/tex/latex/base/t1cmr.fd) (d:/Dropbox/courses/auto/texmf-dist/tex/latex/base/ot1cmr.fd) (d:/Dropbox/courses/auto/texmf-dist/tex/latex/base/ot1cmss.fd) (d:/Dropbox/courses/auto/texmf-dist/tex/latex/base/ot1cmtt.fd)))
====================================

Local config file fontmath.cfg used

====================================
(d:/Dropbox/courses/auto/texmf-dist/tex/latex/base/fontmath.cfg (d:/Dropbox/courses/auto/texmf-dist/tex/latex/base/fontmath.ltx
=== Don't modify this file, use a .cfg file instead ===

(d:/Dropbox/courses/auto/texmf-dist/tex/latex/base/omlcmm.fd) (d:/Dropbox/courses/auto/texmf-dist/tex/latex/base/omscmsy.fd) (d:/Dropbox/courses/auto/texmf-dist/tex/latex/base/omxcmex.fd) (d:/Dropbox/courses/auto/texmf-dist/tex/latex/base/ucmr.fd)))
====================================

Local config file preload.cfg used

=====================================
(d:/Dropbox/courses/auto/texmf-dist/tex/latex/base/preload.cfg (d:/Dropbox/courses/auto/texmf-dist/tex/latex/base/preload.ltx)) page nos., x-ref, environments, center, verbatim, math definitions, boxes, title, sectioning, contents, floats, footnotes, index, bibliography, output,  Unicode character data, (d:/Dropbox/courses/auto/texmf-dist/tex/generic/unicode-data/load-unicode-data.tex 
load-unicode-data.tex v1.16 (2022-09-17)
Reading Unicode data
# UnicodeData-15.0.0.txt
# Modified 2022-09-17 11:45:00 GMT [JAW]
)
===========================================
Local configuration file hyphen.cfg used
===========================================
(d:/Dropbox/courses/auto/texmf-dist/tex/generic/babel/hyphen.cfg (d:/Dropbox/courses/auto/texmf-dist/tex/generic/babel/luababel.def) (d:/Dropbox/courses/auto/texmf-dist/tex/generic/hyphen/hyphen.tex)) (d:/Dropbox/courses/auto/texmf-dist/tex/latex/firstaid/latex2e-first-aid-for-external-files.ltx)
)))
Beginning to dump on file dvilualatex.fmt
 (format=dvilualatex 2022.10.7)
22653 strings using 374946 bytes
763327 memory locations dumped; current usage is 204&355494
21267 multiletter control sequences
\font\nullfont=nullfont
\font\OMX/cmex/m/n/10=cmex10
\font\tenln=line10
\font\tenlnw=linew10
\font\tencirc=lcircle10
\font\tencircw=lcirclew10
\font\OT1/cmr/m/n/5=cmr5
\font\OT1/cmr/m/n/7=cmr7
\font\OT1/cmr/m/n/10=cmr10
\font\OML/cmm/m/it/5=cmmi5
\font\OML/cmm/m/it/7=cmmi7
\font\OML/cmm/m/it/10=cmmi10
\font\OMS/cmsy/m/n/5=cmsy5
\font\OMS/cmsy/m/n/7=cmsy7
\font\OMS/cmsy/m/n/10=cmsy10
14 preloaded fonts
No pages of output.
Transcript written on dvilualatex.log.
fmtutil [INFO]: log file copied to: d:/dropbox/courses/auto/texmf-var/web2c/luatex/dvilualatex.log
fmtutil [INFO]: d:/dropbox/courses/auto/texmf-var/web2c/luatex/dvilualatex.fmt installed.
fmtutil [INFO]: --- remaking dviluatex with luatex
fmtutil: running `luatex -ini   -jobname=dviluatex -progname=dviluatex dviluatex.ini' ...
This is LuaTeX, Version 1.15.0 (TeX Live 2022)  (INITEX)
 restricted system commands enabled.
(d:/Dropbox/courses/auto/texmf-dist/tex/generic/tex-ini-files/dviluatex.ini (d:/Dropbox/courses/auto/texmf-dist/tex/generic/tex-ini-files/luatex.ini (d:/Dropbox/courses/auto/texmf-dist/tex/generic/tex-ini-files/luatexconfig.tex (d:/Dropbox/courses/auto/texmf-dist/tex/generic/tex-ini-files/pdftexconfig.tex)) (d:/Dropbox/courses/auto/texmf-dist/tex/generic/config/luatexiniconfig.tex) (d:/Dropbox/courses/auto/texmf-dist/tex/generic/unicode-data/load-unicode-data.tex 
load-unicode-data.tex v1.16 (2022-09-17)
Reading Unicode data
# UnicodeData-15.0.0.txt
# Modified 2022-09-17 11:45:00 GMT [JAW]
) (d:/Dropbox/courses/auto/texmf-dist/tex/luatex/hyph-utf8/etex.src (d:/Dropbox/courses/auto/texmf-dist/tex/plain/base/plain.tex Preloading the plain format: codes, registers, parameters, fonts, more fonts, macros, math definitions, output routines, hyphenation (d:/Dropbox/courses/auto/texmf-dist/tex/generic/hyphen/hyphen.tex [skipping from \patterns to end-of-file...])) (d:/Dropbox/courses/auto/texmf-dist/tex/plain/etex/etexdefs.lib Skipping module "grouptypes"; Loading module "interactionmodes"; Skipping module "nodetypes"; Skipping module "iftypes";) (d:/Dropbox/courses/auto/texmf-var/tex/generic/config/language.def (d:/Dropbox/courses/auto/texmf-dist/tex/generic/hyphen/hyphen.tex)) Augmenting the Plain TeX definitions: \tracingall; Adding new e-TeX definitions: \eTeX, \loggingall, \tracingnone, register allocation; extended register allocation; 
Recycling: \addlanguage, \@nswer (not defined), \@sk, \b@dresponsetrue, \b@dresponsefalse, \ch@ckforyn, \mayber@cycle, \et@xabort, \et@xbuf, \et@xfmtsrc, \et@xfilehdr, \et@xinf, \et@xpatterns, \l@ngdefnfile, \n@xt, \p@rse (not defined), \pr@mpt (not defined), \pr@mptloop (not defined), \forcer@cycle, \usef@llback, \usef@llbacktrue, \usef@llbackfalse, 
Retaining: \et@xerr, \et@xinput, \et@xlibhdr, \et@xmsg, \et@xtoks, \et@xwarn, \et@xl@@d, \et@xl@ad, \et@xload, \et@xlang, \et@xhash, \eTeX, \etexhdrchk, \etexstatus, \module, \uselanguage, \r@tain, \r@cycle,)))
Beginning to dump on file dviluatex.fmt
 (format=dviluatex 2022.10.7)
3387 strings using 10307 bytes
68809 memory locations dumped; current usage is 149&7701
1880 multiletter control sequences
\font\nullfont=nullfont
\font\tenrm=cmr10
\font\preloaded=cmr9
\font\preloaded=cmr8
\font\sevenrm=cmr7
\font\preloaded=cmr6
\font\fiverm=cmr5
\font\teni=cmmi10
\font\preloaded=cmmi9
\font\preloaded=cmmi8
\font\seveni=cmmi7
\font\preloaded=cmmi6
\font\fivei=cmmi5
\font\tensy=cmsy10
\font\preloaded=cmsy9
\font\preloaded=cmsy8
\font\sevensy=cmsy7
\font\preloaded=cmsy6
\font\fivesy=cmsy5
\font\tenex=cmex10
\font\preloaded=cmss10
\font\preloaded=cmssq8
\font\preloaded=cmssi10
\font\preloaded=cmssqi8
\font\tenbf=cmbx10
\font\preloaded=cmbx9
\font\preloaded=cmbx8
\font\sevenbf=cmbx7
\font\preloaded=cmbx6
\font\fivebf=cmbx5
\font\tentt=cmtt10
\font\preloaded=cmtt9
\font\preloaded=cmtt8
\font\preloaded=cmsltt10
\font\tensl=cmsl10
\font\preloaded=cmsl9
\font\preloaded=cmsl8
\font\tenit=cmti10
\font\preloaded=cmti9
\font\preloaded=cmti8
\font\preloaded=cmti7
\font\preloaded=cmu10
\font\preloaded=cmmib10
\font\preloaded=cmbsy10
\font\preloaded=cmcsc10
\font\preloaded=cmssbx10
\font\preloaded=cmdunh10
\font\preloaded=cmr7 at 14.51799pt
\font\preloaded=cmtt10 at 14.4pt
\font\preloaded=cmssbx10 at 14.4pt
\font\preloaded=manfnt
50 preloaded fonts
No pages of output.
Transcript written on dviluatex.log.
fmtutil [INFO]: log file copied to: d:/dropbox/courses/auto/texmf-var/web2c/luatex/dviluatex.log
fmtutil [INFO]: d:/dropbox/courses/auto/texmf-var/web2c/luatex/dviluatex.fmt installed.
fmtutil [INFO]: successfully rebuilt formats: 3
fmtutil [INFO]: not selected formats: 11
fmtutil [INFO]: total formats: 14
fmtutil [INFO]: exiting with status 0
--end of output of fmtutil-sys --byengine luatex --no-error-if-no-format --no-error-if-no-engine=luajithbtex,luajittex,mfluajit --status-file=C:\Users\user\AppData\Local\Temp\rHQdEMhRjR\kmS0a1tYzF.

[Fri Oct  7 20:04:46 2022]   OK: luahbtex.fmt/luahbtex lualatex.fmt/luahbtex luatex.fmt/luatex dvilualatex.fmt/luatex dviluatex.fmt/luatex
[Fri Oct  7 20:04:46 2022] running fmtutil-sys --byengine xetex --no-error-if-no-format --no-error-if-no-engine=luajithbtex,luajittex,mfluajit --status-file=C:\Users\user\AppData\Local\Temp\rHQdEMhRjR\kmS0a1tYzF
[Fri Oct  7 20:04:51 2022] success, output:
fmtutil: fmtutil is using the following fmtutil.cnf files (in precedence order):
fmtutil:   d:/dropbox/courses/auto/texmf-dist/web2c/fmtutil.cnf
fmtutil: fmtutil is using the following fmtutil.cnf file for writing changes:
fmtutil:   d:/dropbox/courses/auto/texmf-config/web2c/fmtutil.cnf
fmtutil [INFO]: writing formats under d:/dropbox/courses/auto/texmf-var/web2c
fmtutil [INFO]: --- remaking xetex with xetex
fmtutil: running `xetex -ini   -jobname=xetex -progname=xetex -etex xetex.ini' ...
This is XeTeX, Version 3.141592653-2.6-0.999994 (TeX Live 2022) (INITEX)
 restricted \write18 enabled.
entering extended mode
(d:/Dropbox/courses/auto/texmf-dist/tex/generic/tex-ini-files/xetex.ini
(d:/Dropbox/courses/auto/texmf-dist/tex/generic/unicode-data/load-unicode-data.tex 
load-unicode-data.tex v1.16 (2022-09-17)
Reading Unicode data
# UnicodeData-15.0.0.txt
# Modified 2022-09-17 11:45:00 GMT [JAW]
) (d:/Dropbox/courses/auto/texmf-dist/tex/generic/unicode-data/load-unicode-xetex-classes.tex 
load-unicode-xetex-classes.tex v1.16 (2022-09-17)
Reading Unicode east Asian character class data
# LineBreak-15.0.0.txt 
# Date: 2022-07-28, 09:20:42 GMT [KW, LI] 
# EastAsianWidth-15.0.0.txt 
# Date: 2022-05-24, 17:40:20 GMT [KW, LI] 
) (d:/Dropbox/courses/auto/texmf-dist/tex/plain/etex/etex.src (d:/Dropbox/courses/auto/texmf-dist/tex/plain/base/plain.tex Preloading the plain format: codes, registers, parameters, fonts, more fonts, macros, math definitions, output routines, hyphenation (d:/Dropbox/courses/auto/texmf-dist/tex/generic/hyphen/hyphen.tex [skipping from \patterns to end-of-file...])) (d:/Dropbox/courses/auto/texmf-dist/tex/plain/etex/etexdefs.lib Skipping module "grouptypes"; Loading module "interactionmodes"; Skipping module "nodetypes"; Skipping module "iftypes";) (d:/Dropbox/courses/auto/texmf-var/tex/generic/config/language.def (d:/Dropbox/courses/auto/texmf-dist/tex/generic/hyphen/hyphen.tex)) Augmenting the Plain TeX definitions: \tracingall; Adding new e-TeX definitions: \eTeX, \loggingall, \tracingnone, register allocation; extended register allocation; 
Recycling: \addlanguage, \@nswer (not defined), \@sk, \b@dresponsetrue, \b@dresponsefalse, \ch@ckforyn, \mayber@cycle, \et@xabort, \et@xbuf, \et@xfmtsrc, \et@xfilehdr, \et@xinf, \et@xpatterns, \l@ngdefnfile, \n@xt, \p@rse (not defined), \pr@mpt (not defined), \pr@mptloop (not defined), \forcer@cycle, \usef@llback, \usef@llbacktrue, \usef@llbackfalse, 
Retaining: \et@xerr, \et@xinput, \et@xlibhdr, \et@xmsg, \et@xtoks, \et@xwarn, \et@xl@@d, \et@xl@ad, \et@xload, \et@xlang, \et@xhash, \eTeX, \etexhdrchk, \etexstatus, \module, \uselanguage, \r@tain, \r@cycle,)
 )
Beginning to dump on file xetex.fmt
 (preloaded format=xetex 2022.10.7)
70527 strings of total length 58608
12270 memory locations dumped; current usage is 647&7495
3979 multiletter control sequences
\font\nullfont=nullfont
\font\tenrm=cmr10
\font\sevenrm=cmr7
\font\fiverm=cmr5
\font\teni=cmmi10
\font\seveni=cmmi7
\font\fivei=cmmi5
\font\tensy=cmsy10
\font\sevensy=cmsy7
\font\fivesy=cmsy5
\font\tenex=cmex10
\font\tenbf=cmbx10
\font\sevenbf=cmbx7
\font\fivebf=cmbx5
\font\tentt=cmtt10
\font\tensl=cmsl10
\font\tenit=cmti10
4739 words of font info for 16 preloaded fonts
14 hyphenation exceptions
Hyphenation trie of length 6076 has 181 ops out of 35111
  181 for language 0
No pages of output.
Transcript written on xetex.log.
fmtutil [INFO]: log file copied to: d:/dropbox/courses/auto/texmf-var/web2c/xetex/xetex.log
fmtutil [INFO]: d:/dropbox/courses/auto/texmf-var/web2c/xetex/xetex.fmt installed.
fmtutil [INFO]: --- remaking xelatex with xetex
fmtutil: running `xetex -ini   -jobname=xelatex -progname=xelatex -etex xelatex.ini' ...
This is XeTeX, Version 3.141592653-2.6-0.999994 (TeX Live 2022) (INITEX)
 restricted \write18 enabled.
entering extended mode
(d:/Dropbox/courses/auto/texmf-dist/tex/generic/tex-ini-files/xelatex.ini (d:/Dropbox/courses/auto/texmf-dist/tex/latex/base/latex.ltx (d:/Dropbox/courses/auto/texmf-dist/tex/latex/base/texsys.cfg)
./texsys.aux found


\@currdir set to: ./.


Assuming \openin and \input 
have the same search path.


Defining UNIX/DOS style filename parser.

catcodes, registers, parameters,
LaTeX2e <2022-06-01> patch level 5
(d:/Dropbox/courses/auto/texmf-dist/tex/latex/l3kernel/expl3.ltx (d:/Dropbox/courses/auto/texmf-dist/tex/latex/l3kernel/expl3-code.tex)) hacks, document commands, control, par, spacing, files, font encodings, lengths,
====================================

Local config file fonttext.cfg used

====================================
(d:/Dropbox/courses/auto/texmf-dist/tex/latex/base/fonttext.cfg (d:/Dropbox/courses/auto/texmf-dist/tex/latex/base/fonttext.ltx
=== Don't modify this file, use a .cfg file instead ===

(d:/Dropbox/courses/auto/texmf-dist/tex/latex/base/omlenc.def) (d:/Dropbox/courses/auto/texmf-dist/tex/latex/base/omsenc.def) (d:/Dropbox/courses/auto/texmf-dist/tex/latex/base/ot1enc.def) (d:/Dropbox/courses/auto/texmf-dist/tex/latex/base/t1enc.def) (d:/Dropbox/courses/auto/texmf-dist/tex/latex/base/ts1enc.def) (d:/Dropbox/courses/auto/texmf-dist/tex/latex/base/tuenc.def) (d:/Dropbox/courses/auto/texmf-dist/tex/latex/base/tulmr.fd) (d:/Dropbox/courses/auto/texmf-dist/tex/latex/base/tulmss.fd) (d:/Dropbox/courses/auto/texmf-dist/tex/latex/base/tulmtt.fd) (d:/Dropbox/courses/auto/texmf-dist/tex/latex/lm/ts1lmr.fd) (d:/Dropbox/courses/auto/texmf-dist/tex/latex/base/t1cmr.fd) (d:/Dropbox/courses/auto/texmf-dist/tex/latex/base/ot1cmr.fd) (d:/Dropbox/courses/auto/texmf-dist/tex/latex/base/ot1cmss.fd) (d:/Dropbox/courses/auto/texmf-dist/tex/latex/base/ot1cmtt.fd)))
====================================

Local config file fontmath.cfg used

====================================
(d:/Dropbox/courses/auto/texmf-dist/tex/latex/base/fontmath.cfg (d:/Dropbox/courses/auto/texmf-dist/tex/latex/base/fontmath.ltx
=== Don't modify this file, use a .cfg file instead ===

(d:/Dropbox/courses/auto/texmf-dist/tex/latex/base/omlcmm.fd) (d:/Dropbox/courses/auto/texmf-dist/tex/latex/base/omscmsy.fd) (d:/Dropbox/courses/auto/texmf-dist/tex/latex/base/omxcmex.fd) (d:/Dropbox/courses/auto/texmf-dist/tex/latex/base/ucmr.fd)))
====================================

Local config file preload.cfg used

=====================================
(d:/Dropbox/courses/auto/texmf-dist/tex/latex/base/preload.cfg (d:/Dropbox/courses/auto/texmf-dist/tex/latex/base/preload.ltx)) page nos., x-ref, environments, center, verbatim, math definitions, boxes, title, sectioning, contents, floats, footnotes, index, bibliography, output,  Unicode character data, (d:/Dropbox/courses/auto/texmf-dist/tex/generic/unicode-data/load-unicode-data.tex 
load-unicode-data.tex v1.16 (2022-09-17)
Reading Unicode data
# UnicodeData-15.0.0.txt
# Modified 2022-09-17 11:45:00 GMT [JAW]
)
===========================================
Local configuration file hyphen.cfg used
===========================================
(d:/Dropbox/courses/auto/texmf-dist/tex/generic/babel/hyphen.cfg (d:/Dropbox/courses/auto/texmf-dist/tex/generic/babel/xebabel.def) (d:/Dropbox/courses/auto/texmf-dist/tex/generic/hyphen/hyphen.tex) (d:/Dropbox/courses/auto/texmf-dist/tex/generic/hyphen/dumyhyph.tex) (d:/Dropbox/courses/auto/texmf-dist/tex/generic/hyphen/zerohyph.tex)) (d:/Dropbox/courses/auto/texmf-dist/tex/latex/firstaid/latex2e-first-aid-for-external-files.ltx)
 ) )
Beginning to dump on file xelatex.fmt
 (preloaded format=xelatex 2022.10.7)
87793 strings of total length 406355
324949 memory locations dumped; current usage is 302&323057
21159 multiletter control sequences
\font\nullfont=nullfont
\font\c__fp_exp_intarray=cmr10 at 0.00002pt
\font\c__fp_trig_intarray=cmr10 at 0.00003pt
\font\c_initex_cctab=cmr10 at 0.00005pt
\font\c_other_cctab=cmr10 at 0.00006pt
\font\c_str_cctab=cmr10 at 0.00008pt
\font\g__regex_state_active_intarray=cmr10 at 0.00009pt
\font\g__regex_thread_info_intarray=cmr10 at 0.0001pt
\font\g__regex_submatch_prev_intarray=cmr10 at 0.00012pt
\font\g__regex_submatch_begin_intarray=cmr10 at 0.00014pt
\font\g__regex_submatch_end_intarray=cmr10 at 0.00015pt
\font\g__regex_submatch_case_intarray=cmr10 at 0.00017pt
\font\g__regex_balance_intarray=cmr10 at 0.00018pt
\font\OMX/cmex/m/n/10=cmex10
\font\tenln=line10
\font\tenlnw=linew10
\font\tencirc=lcircle10
\font\tencircw=lcirclew10
\font\OT1/cmr/m/n/5=cmr5
\font\OT1/cmr/m/n/7=cmr7
\font\OT1/cmr/m/n/10=cmr10
\font\OML/cmm/m/it/5=cmmi5
\font\OML/cmm/m/it/7=cmmi7
\font\OML/cmm/m/it/10=cmmi10
\font\OMS/cmsy/m/n/5=cmsy5
\font\OMS/cmsy/m/n/7=cmsy7
\font\OMS/cmsy/m/n/10=cmsy10
\font\c_code_cctab=cmr10 at 0.0002pt
\font\c_document_cctab=cmr10 at 0.00021pt
469252 words of font info for 28 preloaded fonts
14 hyphenation exceptions
Hyphenation trie of length 6082 has 183 ops out of 35111
  2 for language 1
  181 for language 0
No pages of output.
Transcript written on xelatex.log.
fmtutil [INFO]: log file copied to: d:/dropbox/courses/auto/texmf-var/web2c/xetex/xelatex.log
fmtutil [INFO]: d:/dropbox/courses/auto/texmf-var/web2c/xetex/xelatex.fmt installed.
fmtutil [INFO]: successfully rebuilt formats: 2
fmtutil [INFO]: not selected formats: 12
fmtutil [INFO]: total formats: 14
fmtutil [INFO]: exiting with status 0
--end of output of fmtutil-sys --byengine xetex --no-error-if-no-format --no-error-if-no-engine=luajithbtex,luajittex,mfluajit --status-file=C:\Users\user\AppData\Local\Temp\rHQdEMhRjR\kmS0a1tYzF.

[Fri Oct  7 20:04:51 2022]   OK: luahbtex.fmt/luahbtex lualatex.fmt/luahbtex luatex.fmt/luatex dvilualatex.fmt/luatex dviluatex.fmt/luatex xetex.fmt/xetex xelatex.fmt/xetex
[Fri Oct  7 20:04:51 2022] running fmtutil-sys --byfmt pdflatex --no-error-if-no-engine=luajithbtex,luajittex,mfluajit --status-file=C:\Users\user\AppData\Local\Temp\rHQdEMhRjR\kmS0a1tYzF
[Fri Oct  7 20:04:55 2022] success, output:
fmtutil: fmtutil is using the following fmtutil.cnf files (in precedence order):
fmtutil:   d:/dropbox/courses/auto/texmf-dist/web2c/fmtutil.cnf
fmtutil: fmtutil is using the following fmtutil.cnf file for writing changes:
fmtutil:   d:/dropbox/courses/auto/texmf-config/web2c/fmtutil.cnf
fmtutil [INFO]: writing formats under d:/dropbox/courses/auto/texmf-var/web2c
fmtutil [INFO]: --- remaking pdflatex with pdftex
fmtutil: running `pdftex -ini   -jobname=pdflatex -progname=pdflatex -translate-file=cp227.tcx *pdflatex.ini' ...
This is pdfTeX, Version 3.141592653-2.6-1.40.24 (TeX Live 2022) (INITEX)
 restricted \write18 enabled.
 (d:/Dropbox/courses/auto/texmf-dist/web2c/cp227.tcx)
entering extended mode
(d:/Dropbox/courses/auto/texmf-dist/tex/latex/latexconfig/pdflatex.ini (d:/Dropbox/courses/auto/texmf-dist/tex/generic/tex-ini-files/pdftexconfig.tex)
(d:/Dropbox/courses/auto/texmf-dist/tex/latex/base/latex.ltx (d:/Dropbox/courses/auto/texmf-dist/tex/latex/base/texsys.cfg)
./texsys.aux found


\@currdir set to: ./.


Assuming \openin and \input 
have the same search path.


Defining UNIX/DOS style filename parser.

catcodes, registers, parameters,
LaTeX2e <2022-06-01> patch level 5
(d:/Dropbox/courses/auto/texmf-dist/tex/latex/l3kernel/expl3.ltx (d:/Dropbox/courses/auto/texmf-dist/tex/latex/l3kernel/expl3-code.tex)) hacks, document commands, control, par, spacing, files, font encodings, lengths,
====================================

Local config file fonttext.cfg used

====================================
(d:/Dropbox/courses/auto/texmf-dist/tex/latex/base/fonttext.cfg (d:/Dropbox/courses/auto/texmf-dist/tex/latex/base/fonttext.ltx
=== Don't modify this file, use a .cfg file instead ===

(d:/Dropbox/courses/auto/texmf-dist/tex/latex/base/omlenc.def) (d:/Dropbox/courses/auto/texmf-dist/tex/latex/base/omsenc.def) (d:/Dropbox/courses/auto/texmf-dist/tex/latex/base/ot1enc.def) (d:/Dropbox/courses/auto/texmf-dist/tex/latex/base/t1enc.def) (d:/Dropbox/courses/auto/texmf-dist/tex/latex/base/ts1enc.def) (d:/Dropbox/courses/auto/texmf-dist/tex/latex/base/ts1cmr.fd) (d:/Dropbox/courses/auto/texmf-dist/tex/latex/base/t1cmr.fd) (d:/Dropbox/courses/auto/texmf-dist/tex/latex/base/ot1cmr.fd) (d:/Dropbox/courses/auto/texmf-dist/tex/latex/base/ot1cmss.fd) (d:/Dropbox/courses/auto/texmf-dist/tex/latex/base/ot1cmtt.fd)))
====================================

Local config file fontmath.cfg used

====================================
(d:/Dropbox/courses/auto/texmf-dist/tex/latex/base/fontmath.cfg (d:/Dropbox/courses/auto/texmf-dist/tex/latex/base/fontmath.ltx
=== Don't modify this file, use a .cfg file instead ===

(d:/Dropbox/courses/auto/texmf-dist/tex/latex/base/omlcmm.fd) (d:/Dropbox/courses/auto/texmf-dist/tex/latex/base/omscmsy.fd) (d:/Dropbox/courses/auto/texmf-dist/tex/latex/base/omxcmex.fd) (d:/Dropbox/courses/auto/texmf-dist/tex/latex/base/ucmr.fd)))
====================================

Local config file preload.cfg used

=====================================
(d:/Dropbox/courses/auto/texmf-dist/tex/latex/base/preload.cfg (d:/Dropbox/courses/auto/texmf-dist/tex/latex/base/preload.ltx)) page nos., x-ref, environments, center, verbatim, math definitions, boxes, title, sectioning, contents, floats, footnotes, index, bibliography, output,
===========================================
Local configuration file hyphen.cfg used
===========================================
(d:/Dropbox/courses/auto/texmf-dist/tex/generic/babel/hyphen.cfg (d:/Dropbox/courses/auto/texmf-dist/tex/generic/hyphen/hyphen.tex) (d:/Dropbox/courses/auto/texmf-dist/tex/generic/hyphen/dumyhyph.tex) (d:/Dropbox/courses/auto/texmf-dist/tex/generic/hyphen/zerohyph.tex)) (d:/Dropbox/courses/auto/texmf-dist/tex/generic/pdftex/glyphtounicode.tex) (d:/Dropbox/courses/auto/texmf-dist/tex/latex/base/utf8.def (d:/Dropbox/courses/auto/texmf-dist/tex/latex/base/omsenc.dfu) (d:/Dropbox/courses/auto/texmf-dist/tex/latex/base/ot1enc.dfu) (d:/Dropbox/courses/auto/texmf-dist/tex/latex/base/t1enc.dfu) (d:/Dropbox/courses/auto/texmf-dist/tex/latex/base/ts1enc.dfu)) (d:/Dropbox/courses/auto/texmf-dist/tex/latex/firstaid/latex2e-first-aid-for-external-files.ltx)
 ) )
Beginning to dump on file pdflatex.fmt
 (preloaded format=pdflatex 2022.10.7)
22969 strings of total length 422137
334732 memory locations dumped; current usage is 204&332999
21255 multiletter control sequences
\font\nullfont=nullfont
\font\c__fp_exp_intarray=cmr10 at 0.00002pt
\font\c__fp_trig_intarray=cmr10 at 0.00003pt
\font\c_initex_cctab=cmr10 at 0.00005pt
\font\c_other_cctab=cmr10 at 0.00006pt
\font\c_str_cctab=cmr10 at 0.00008pt
\font\g__regex_state_active_intarray=cmr10 at 0.00009pt
\font\g__regex_thread_info_intarray=cmr10 at 0.0001pt
\font\g__regex_submatch_prev_intarray=cmr10 at 0.00012pt
\font\g__regex_submatch_begin_intarray=cmr10 at 0.00014pt
\font\g__regex_submatch_end_intarray=cmr10 at 0.00015pt
\font\g__regex_submatch_case_intarray=cmr10 at 0.00017pt
\font\g__regex_balance_intarray=cmr10 at 0.00018pt
\font\OMX/cmex/m/n/10=cmex10
\font\tenln=line10
\font\tenlnw=linew10
\font\tencirc=lcircle10
\font\tencircw=lcirclew10
\font\OT1/cmr/m/n/5=cmr5
\font\OT1/cmr/m/n/7=cmr7
\font\OT1/cmr/m/n/10=cmr10
\font\OML/cmm/m/it/5=cmmi5
\font\OML/cmm/m/it/7=cmmi7
\font\OML/cmm/m/it/10=cmmi10
\font\OMS/cmsy/m/n/5=cmsy5
\font\OMS/cmsy/m/n/7=cmsy7
\font\OMS/cmsy/m/n/10=cmsy10
\font\c_code_cctab=cmr10 at 0.0002pt
\font\c_document_cctab=cmr10 at 0.00021pt
469252 words of font info for 28 preloaded fonts
14 hyphenation exceptions
Hyphenation trie of length 6081 has 183 ops out of 35111
  2 for language 1
  181 for language 0
0 words of pdfTeX memory
0 indirect objects
No pages of output.
Transcript written on pdflatex.log.
fmtutil [INFO]: log file copied to: d:/dropbox/courses/auto/texmf-var/web2c/pdftex/pdflatex.log
fmtutil [INFO]: d:/dropbox/courses/auto/texmf-var/web2c/pdftex/pdflatex.fmt installed.
fmtutil [INFO]: successfully rebuilt formats: 1
fmtutil [INFO]: not selected formats: 13
fmtutil [INFO]: total formats: 14
fmtutil [INFO]: exiting with status 0
--end of output of fmtutil-sys --byfmt pdflatex --no-error-if-no-engine=luajithbtex,luajittex,mfluajit --status-file=C:\Users\user\AppData\Local\Temp\rHQdEMhRjR\kmS0a1tYzF.

[Fri Oct  7 20:04:55 2022]   OK: luahbtex.fmt/luahbtex lualatex.fmt/luahbtex luatex.fmt/luatex dvilualatex.fmt/luatex dviluatex.fmt/luatex xetex.fmt/xetex xelatex.fmt/xetex pdflatex.fmt/pdftex
[Fri Oct  7 20:04:55 2022] running fmtutil-sys --byfmt latex --no-error-if-no-engine=luajithbtex,luajittex,mfluajit --status-file=C:\Users\user\AppData\Local\Temp\rHQdEMhRjR\kmS0a1tYzF
[Fri Oct  7 20:04:59 2022] success, output:
fmtutil: fmtutil is using the following fmtutil.cnf files (in precedence order):
fmtutil:   d:/dropbox/courses/auto/texmf-dist/web2c/fmtutil.cnf
fmtutil: fmtutil is using the following fmtutil.cnf file for writing changes:
fmtutil:   d:/dropbox/courses/auto/texmf-config/web2c/fmtutil.cnf
fmtutil [INFO]: writing formats under d:/dropbox/courses/auto/texmf-var/web2c
fmtutil [INFO]: --- remaking latex with pdftex
fmtutil: running `pdftex -ini   -jobname=latex -progname=latex -translate-file=cp227.tcx *latex.ini' ...
This is pdfTeX, Version 3.141592653-2.6-1.40.24 (TeX Live 2022) (INITEX)
 restricted \write18 enabled.
 (d:/Dropbox/courses/auto/texmf-dist/web2c/cp227.tcx)
entering extended mode
(d:/Dropbox/courses/auto/texmf-dist/tex/latex/latexconfig/latex.ini (d:/Dropbox/courses/auto/texmf-dist/tex/generic/tex-ini-files/pdftexconfig.tex)
(d:/Dropbox/courses/auto/texmf-dist/tex/latex/base/latex.ltx (d:/Dropbox/courses/auto/texmf-dist/tex/latex/base/texsys.cfg)
./texsys.aux found


\@currdir set to: ./.


Assuming \openin and \input 
have the same search path.


Defining UNIX/DOS style filename parser.

catcodes, registers, parameters,
LaTeX2e <2022-06-01> patch level 5
(d:/Dropbox/courses/auto/texmf-dist/tex/latex/l3kernel/expl3.ltx (d:/Dropbox/courses/auto/texmf-dist/tex/latex/l3kernel/expl3-code.tex)) hacks, document commands, control, par, spacing, files, font encodings, lengths,
====================================

Local config file fonttext.cfg used

====================================
(d:/Dropbox/courses/auto/texmf-dist/tex/latex/base/fonttext.cfg (d:/Dropbox/courses/auto/texmf-dist/tex/latex/base/fonttext.ltx
=== Don't modify this file, use a .cfg file instead ===

(d:/Dropbox/courses/auto/texmf-dist/tex/latex/base/omlenc.def) (d:/Dropbox/courses/auto/texmf-dist/tex/latex/base/omsenc.def) (d:/Dropbox/courses/auto/texmf-dist/tex/latex/base/ot1enc.def) (d:/Dropbox/courses/auto/texmf-dist/tex/latex/base/t1enc.def) (d:/Dropbox/courses/auto/texmf-dist/tex/latex/base/ts1enc.def) (d:/Dropbox/courses/auto/texmf-dist/tex/latex/base/ts1cmr.fd) (d:/Dropbox/courses/auto/texmf-dist/tex/latex/base/t1cmr.fd) (d:/Dropbox/courses/auto/texmf-dist/tex/latex/base/ot1cmr.fd) (d:/Dropbox/courses/auto/texmf-dist/tex/latex/base/ot1cmss.fd) (d:/Dropbox/courses/auto/texmf-dist/tex/latex/base/ot1cmtt.fd)))
====================================

Local config file fontmath.cfg used

====================================
(d:/Dropbox/courses/auto/texmf-dist/tex/latex/base/fontmath.cfg (d:/Dropbox/courses/auto/texmf-dist/tex/latex/base/fontmath.ltx
=== Don't modify this file, use a .cfg file instead ===

(d:/Dropbox/courses/auto/texmf-dist/tex/latex/base/omlcmm.fd) (d:/Dropbox/courses/auto/texmf-dist/tex/latex/base/omscmsy.fd) (d:/Dropbox/courses/auto/texmf-dist/tex/latex/base/omxcmex.fd) (d:/Dropbox/courses/auto/texmf-dist/tex/latex/base/ucmr.fd)))
====================================

Local config file preload.cfg used

=====================================
(d:/Dropbox/courses/auto/texmf-dist/tex/latex/base/preload.cfg (d:/Dropbox/courses/auto/texmf-dist/tex/latex/base/preload.ltx)) page nos., x-ref, environments, center, verbatim, math definitions, boxes, title, sectioning, contents, floats, footnotes, index, bibliography, output,
===========================================
Local configuration file hyphen.cfg used
===========================================
(d:/Dropbox/courses/auto/texmf-dist/tex/generic/babel/hyphen.cfg (d:/Dropbox/courses/auto/texmf-dist/tex/generic/hyphen/hyphen.tex) (d:/Dropbox/courses/auto/texmf-dist/tex/generic/hyphen/dumyhyph.tex) (d:/Dropbox/courses/auto/texmf-dist/tex/generic/hyphen/zerohyph.tex)) (d:/Dropbox/courses/auto/texmf-dist/tex/generic/pdftex/glyphtounicode.tex) (d:/Dropbox/courses/auto/texmf-dist/tex/latex/base/utf8.def (d:/Dropbox/courses/auto/texmf-dist/tex/latex/base/omsenc.dfu) (d:/Dropbox/courses/auto/texmf-dist/tex/latex/base/ot1enc.dfu) (d:/Dropbox/courses/auto/texmf-dist/tex/latex/base/t1enc.dfu) (d:/Dropbox/courses/auto/texmf-dist/tex/latex/base/ts1enc.dfu)) (d:/Dropbox/courses/auto/texmf-dist/tex/latex/firstaid/latex2e-first-aid-for-external-files.ltx)
 ) )
Beginning to dump on file latex.fmt
 (preloaded format=latex 2022.10.7)
22968 strings of total length 422111
334726 memory locations dumped; current usage is 204&332993
21255 multiletter control sequences
\font\nullfont=nullfont
\font\c__fp_exp_intarray=cmr10 at 0.00002pt
\font\c__fp_trig_intarray=cmr10 at 0.00003pt
\font\c_initex_cctab=cmr10 at 0.00005pt
\font\c_other_cctab=cmr10 at 0.00006pt
\font\c_str_cctab=cmr10 at 0.00008pt
\font\g__regex_state_active_intarray=cmr10 at 0.00009pt
\font\g__regex_thread_info_intarray=cmr10 at 0.0001pt
\font\g__regex_submatch_prev_intarray=cmr10 at 0.00012pt
\font\g__regex_submatch_begin_intarray=cmr10 at 0.00014pt
\font\g__regex_submatch_end_intarray=cmr10 at 0.00015pt
\font\g__regex_submatch_case_intarray=cmr10 at 0.00017pt
\font\g__regex_balance_intarray=cmr10 at 0.00018pt
\font\OMX/cmex/m/n/10=cmex10
\font\tenln=line10
\font\tenlnw=linew10
\font\tencirc=lcircle10
\font\tencircw=lcirclew10
\font\OT1/cmr/m/n/5=cmr5
\font\OT1/cmr/m/n/7=cmr7
\font\OT1/cmr/m/n/10=cmr10
\font\OML/cmm/m/it/5=cmmi5
\font\OML/cmm/m/it/7=cmmi7
\font\OML/cmm/m/it/10=cmmi10
\font\OMS/cmsy/m/n/5=cmsy5
\font\OMS/cmsy/m/n/7=cmsy7
\font\OMS/cmsy/m/n/10=cmsy10
\font\c_code_cctab=cmr10 at 0.0002pt
\font\c_document_cctab=cmr10 at 0.00021pt
469252 words of font info for 28 preloaded fonts
14 hyphenation exceptions
Hyphenation trie of length 6081 has 183 ops out of 35111
  2 for language 1
  181 for language 0
0 words of pdfTeX memory
0 indirect objects
No pages of output.
Transcript written on latex.log.
fmtutil [INFO]: log file copied to: d:/dropbox/courses/auto/texmf-var/web2c/pdftex/latex.log
fmtutil [INFO]: d:/dropbox/courses/auto/texmf-var/web2c/pdftex/latex.fmt installed.
fmtutil [INFO]: successfully rebuilt formats: 1
fmtutil [INFO]: not selected formats: 13
fmtutil [INFO]: total formats: 14
fmtutil [INFO]: exiting with status 0
--end of output of fmtutil-sys --byfmt latex --no-error-if-no-engine=luajithbtex,luajittex,mfluajit --status-file=C:\Users\user\AppData\Local\Temp\rHQdEMhRjR\kmS0a1tYzF.

[Fri Oct  7 20:04:59 2022]   OK: luahbtex.fmt/luahbtex lualatex.fmt/luahbtex luatex.fmt/luatex dvilualatex.fmt/luatex dviluatex.fmt/luatex xetex.fmt/xetex xelatex.fmt/xetex pdflatex.fmt/pdftex latex.fmt/pdftex
[Fri Oct  7 20:05:17 2022] running mktexlsr
[Fri Oct  7 20:05:17 2022] success, output:
mktexlsr: Updating D:/Dropbox/courses/auto/texmf-local/ls-R...
mktexlsr: Updated D:/Dropbox/courses/auto/texmf-local/ls-R.
mktexlsr: Updating D:/Dropbox/courses/auto/texmf-config/ls-R...
mktexlsr: Updated D:/Dropbox/courses/auto/texmf-config/ls-R.
mktexlsr: Updating D:/Dropbox/courses/auto/texmf-var/ls-R...
mktexlsr: Updated D:/Dropbox/courses/auto/texmf-var/ls-R.
mktexlsr: Updating D:/Dropbox/courses/auto/texmf-dist/ls-R...
mktexlsr: Updated D:/Dropbox/courses/auto/texmf-dist/ls-R.
mktexlsr: Done.
--end of output of mktexlsr.

[Fri Oct  7 20:05:46 2022] running mktexlsr
[Fri Oct  7 20:05:46 2022] success, output:
mktexlsr: Updating D:/Dropbox/courses/auto/texmf-local/ls-R...
mktexlsr: Updated D:/Dropbox/courses/auto/texmf-local/ls-R.
mktexlsr: Updating D:/Dropbox/courses/auto/texmf-config/ls-R...
mktexlsr: Updated D:/Dropbox/courses/auto/texmf-config/ls-R.
mktexlsr: Updating D:/Dropbox/courses/auto/texmf-var/ls-R...
mktexlsr: Updated D:/Dropbox/courses/auto/texmf-var/ls-R.
mktexlsr: Updating D:/Dropbox/courses/auto/texmf-dist/ls-R...
mktexlsr: Updated D:/Dropbox/courses/auto/texmf-dist/ls-R.
mktexlsr: Done.
--end of output of mktexlsr.

[Fri Oct  7 20:06:09 2022] running mktexlsr
[Fri Oct  7 20:06:10 2022] success, output:
mktexlsr: Updating D:/Dropbox/courses/auto/texmf-local/ls-R...
mktexlsr: Updated D:/Dropbox/courses/auto/texmf-local/ls-R.
mktexlsr: Updating D:/Dropbox/courses/auto/texmf-config/ls-R...
mktexlsr: Updated D:/Dropbox/courses/auto/texmf-config/ls-R.
mktexlsr: Updating D:/Dropbox/courses/auto/texmf-var/ls-R...
mktexlsr: Updated D:/Dropbox/courses/auto/texmf-var/ls-R.
mktexlsr: Updating D:/Dropbox/courses/auto/texmf-dist/ls-R...
mktexlsr: Updated D:/Dropbox/courses/auto/texmf-dist/ls-R.
mktexlsr: Done.
--end of output of mktexlsr.

[Fri Oct  7 20:06:33 2022] running mktexlsr
[Fri Oct  7 20:06:33 2022] success, output:
mktexlsr: Updating D:/Dropbox/courses/auto/texmf-local/ls-R...
mktexlsr: Updated D:/Dropbox/courses/auto/texmf-local/ls-R.
mktexlsr: Updating D:/Dropbox/courses/auto/texmf-config/ls-R...
mktexlsr: Updated D:/Dropbox/courses/auto/texmf-config/ls-R.
mktexlsr: Updating D:/Dropbox/courses/auto/texmf-var/ls-R...
mktexlsr: Updated D:/Dropbox/courses/auto/texmf-var/ls-R.
mktexlsr: Updating D:/Dropbox/courses/auto/texmf-dist/ls-R...
mktexlsr: Updated D:/Dropbox/courses/auto/texmf-dist/ls-R.
mktexlsr: Done.
--end of output of mktexlsr.

[Fri Oct  7 20:06:58 2022] running mktexlsr
[Fri Oct  7 20:06:58 2022] success, output:
mktexlsr: Updating D:/Dropbox/courses/auto/texmf-local/ls-R...
mktexlsr: Updated D:/Dropbox/courses/auto/texmf-local/ls-R.
mktexlsr: Updating D:/Dropbox/courses/auto/texmf-config/ls-R...
mktexlsr: Updated D:/Dropbox/courses/auto/texmf-config/ls-R.
mktexlsr: Updating D:/Dropbox/courses/auto/texmf-var/ls-R...
mktexlsr: Updated D:/Dropbox/courses/auto/texmf-var/ls-R.
mktexlsr: Updating D:/Dropbox/courses/auto/texmf-dist/ls-R...
mktexlsr: Updated D:/Dropbox/courses/auto/texmf-dist/ls-R.
mktexlsr: Done.
--end of output of mktexlsr.

[Fri Oct  7 20:07:19 2022] running mktexlsr
[Fri Oct  7 20:07:20 2022] success, output:
mktexlsr: Updating D:/Dropbox/courses/auto/texmf-local/ls-R...
mktexlsr: Updated D:/Dropbox/courses/auto/texmf-local/ls-R.
mktexlsr: Updating D:/Dropbox/courses/auto/texmf-config/ls-R...
mktexlsr: Updated D:/Dropbox/courses/auto/texmf-config/ls-R.
mktexlsr: Updating D:/Dropbox/courses/auto/texmf-var/ls-R...
mktexlsr: Updated D:/Dropbox/courses/auto/texmf-var/ls-R.
mktexlsr: Updating D:/Dropbox/courses/auto/texmf-dist/ls-R...
mktexlsr: Updated D:/Dropbox/courses/auto/texmf-dist/ls-R.
mktexlsr: Done.
--end of output of mktexlsr.

[Fri Oct  7 20:07:49 2022] running mktexlsr
[Fri Oct  7 20:07:49 2022] success, output:
mktexlsr: Updating D:/Dropbox/courses/auto/texmf-local/ls-R...
mktexlsr: Updated D:/Dropbox/courses/auto/texmf-local/ls-R.
mktexlsr: Updating D:/Dropbox/courses/auto/texmf-config/ls-R...
mktexlsr: Updated D:/Dropbox/courses/auto/texmf-config/ls-R.
mktexlsr: Updating D:/Dropbox/courses/auto/texmf-var/ls-R...
mktexlsr: Updated D:/Dropbox/courses/auto/texmf-var/ls-R.
mktexlsr: Updating D:/Dropbox/courses/auto/texmf-dist/ls-R...
mktexlsr: Updated D:/Dropbox/courses/auto/texmf-dist/ls-R.
mktexlsr: Done.
--end of output of mktexlsr.

